2025-02-14T11:07:01.877+07:00  INFO 4052 --- [user_service] [restartedMain] iuh.fit.se.UserServiceApplication        : Starting UserServiceApplication using Java 21.0.5 with PID 4052 (C:\Users\DELL\IdeaProjects\Web-Ecommerce-\user_service\target\classes started by DELL in C:\Users\DELL\IdeaProjects\Web-Ecommerce-\user_service)
2025-02-14T11:07:01.878+07:00  INFO 4052 --- [user_service] [restartedMain] iuh.fit.se.UserServiceApplication        : No active profile set, falling back to 1 default profile: "default"
2025-02-14T11:07:01.921+07:00  INFO 4052 --- [user_service] [restartedMain] .e.DevToolsPropertyDefaultsPostProcessor : Devtools property defaults active! Set 'spring.devtools.add-properties' to 'false' to disable
2025-02-14T11:07:01.922+07:00  INFO 4052 --- [user_service] [restartedMain] .e.DevToolsPropertyDefaultsPostProcessor : For additional web related logging consider setting the 'logging.level.web' property to 'DEBUG'
2025-02-14T11:07:02.740+07:00  INFO 4052 --- [user_service] [restartedMain] .s.d.r.c.RepositoryConfigurationDelegate : Bootstrapping Spring Data JPA repositories in DEFAULT mode.
2025-02-14T11:07:02.796+07:00  INFO 4052 --- [user_service] [restartedMain] .s.d.r.c.RepositoryConfigurationDelegate : Finished Spring Data repository scanning in 45 ms. Found 2 JPA repository interfaces.
2025-02-14T11:07:03.329+07:00  INFO 4052 --- [user_service] [restartedMain] o.s.b.w.embedded.tomcat.TomcatWebServer  : Tomcat initialized with port 9995 (http)
2025-02-14T11:07:03.348+07:00  INFO 4052 --- [user_service] [restartedMain] o.apache.catalina.core.StandardService   : Starting service [Tomcat]
2025-02-14T11:07:03.348+07:00  INFO 4052 --- [user_service] [restartedMain] o.apache.catalina.core.StandardEngine    : Starting Servlet engine: [Apache Tomcat/10.1.34]
2025-02-14T11:07:03.403+07:00  INFO 4052 --- [user_service] [restartedMain] o.a.c.c.C.[Tomcat].[localhost].[/]       : Initializing Spring embedded WebApplicationContext
2025-02-14T11:07:03.403+07:00  INFO 4052 --- [user_service] [restartedMain] w.s.c.ServletWebServerApplicationContext : Root WebApplicationContext: initialization completed in 1480 ms
2025-02-14T11:07:03.851+07:00  INFO 4052 --- [user_service] [restartedMain] o.s.o.j.p.SpringPersistenceUnitInfo      : No LoadTimeWeaver setup: ignoring JPA class transformer
2025-02-14T11:07:03.877+07:00  INFO 4052 --- [user_service] [restartedMain] com.zaxxer.hikari.HikariDataSource       : HikariPool-1 - Starting...
2025-02-14T11:07:03.958+07:00  INFO 4052 --- [user_service] [restartedMain] com.zaxxer.hikari.pool.HikariPool        : HikariPool-1 - Added connection org.mariadb.jdbc.Connection@38da5ec1
2025-02-14T11:07:03.960+07:00  INFO 4052 --- [user_service] [restartedMain] com.zaxxer.hikari.HikariDataSource       : HikariPool-1 - Start completed.
2025-02-14T11:07:04.841+07:00  INFO 4052 --- [user_service] [restartedMain] j.LocalContainerEntityManagerFactoryBean : Initialized JPA EntityManagerFactory for persistence unit 'default'
2025-02-14T11:07:05.208+07:00  WARN 4052 --- [user_service] [restartedMain] JpaBaseConfiguration$JpaWebConfiguration : spring.jpa.open-in-view is enabled by default. Therefore, database queries may be performed during view rendering. Explicitly configure spring.jpa.open-in-view to disable this warning
2025-02-14T11:07:05.436+07:00 DEBUG 4052 --- [user_service] [restartedMain] s.w.s.m.m.a.RequestMappingHandlerMapping : 6 mappings in 'requestMappingHandlerMapping'
2025-02-14T11:07:05.532+07:00 DEBUG 4052 --- [user_service] [restartedMain] o.s.w.s.handler.SimpleUrlHandlerMapping  : Patterns [/webjars/**, /**, /swagger-ui*/*swagger-initializer.js, /swagger-ui*/**] in 'resourceHandlerMapping'
2025-02-14T11:07:05.567+07:00 DEBUG 4052 --- [user_service] [restartedMain] s.w.s.m.m.a.RequestMappingHandlerAdapter : ControllerAdvice beans: 0 @ModelAttribute, 0 @InitBinder, 1 RequestBodyAdvice, 1 ResponseBodyAdvice
2025-02-14T11:07:05.611+07:00 DEBUG 4052 --- [user_service] [restartedMain] .m.m.a.ExceptionHandlerExceptionResolver : ControllerAdvice beans: 3 @ExceptionHandler, 1 ResponseBodyAdvice
2025-02-14T11:07:05.639+07:00 DEBUG 4052 --- [user_service] [restartedMain] .m.m.a.ExceptionHandlerExceptionResolver : ControllerAdvice beans: 3 @ExceptionHandler, 0 ResponseBodyAdvice
2025-02-14T11:07:05.917+07:00  INFO 4052 --- [user_service] [restartedMain] o.s.b.d.a.OptionalLiveReloadServer       : LiveReload server is running on port 35729
2025-02-14T11:07:05.956+07:00  INFO 4052 --- [user_service] [restartedMain] o.s.b.w.embedded.tomcat.TomcatWebServer  : Tomcat started on port 9995 (http) with context path '/'
2025-02-14T11:07:05.965+07:00  INFO 4052 --- [user_service] [restartedMain] iuh.fit.se.UserServiceApplication        : Started UserServiceApplication in 4.581 seconds (process running for 5.273)
2025-02-14T11:07:05.970+07:00  INFO 4052 --- [user_service] [restartedMain] iuh.fit.se.UserServiceApplication        : RestApiDemoApplication Start
2025-02-14T11:07:11.223+07:00  INFO 4052 --- [user_service] [http-nio-9995-exec-1] o.a.c.c.C.[Tomcat].[localhost].[/]       : Initializing Spring DispatcherServlet 'dispatcherServlet'
2025-02-14T11:07:11.223+07:00  INFO 4052 --- [user_service] [http-nio-9995-exec-1] o.s.web.servlet.DispatcherServlet        : Initializing Servlet 'dispatcherServlet'
2025-02-14T11:07:11.224+07:00 DEBUG 4052 --- [user_service] [http-nio-9995-exec-1] o.s.web.servlet.DispatcherServlet        : Detected StandardServletMultipartResolver
2025-02-14T11:07:11.224+07:00 DEBUG 4052 --- [user_service] [http-nio-9995-exec-1] o.s.web.servlet.DispatcherServlet        : Detected AcceptHeaderLocaleResolver
2025-02-14T11:07:11.224+07:00 DEBUG 4052 --- [user_service] [http-nio-9995-exec-1] o.s.web.servlet.DispatcherServlet        : Detected FixedThemeResolver
2025-02-14T11:07:11.225+07:00 DEBUG 4052 --- [user_service] [http-nio-9995-exec-1] o.s.web.servlet.DispatcherServlet        : Detected org.springframework.web.servlet.view.DefaultRequestToViewNameTranslator@2979982f
2025-02-14T11:07:11.225+07:00 DEBUG 4052 --- [user_service] [http-nio-9995-exec-1] o.s.web.servlet.DispatcherServlet        : Detected org.springframework.web.servlet.support.SessionFlashMapManager@71843976
2025-02-14T11:07:11.225+07:00 DEBUG 4052 --- [user_service] [http-nio-9995-exec-1] o.s.web.servlet.DispatcherServlet        : enableLoggingRequestDetails='false': request parameters and headers will be masked to prevent unsafe logging of potentially sensitive data
2025-02-14T11:07:11.225+07:00  INFO 4052 --- [user_service] [http-nio-9995-exec-1] o.s.web.servlet.DispatcherServlet        : Completed initialization in 2 ms
2025-02-14T11:07:11.233+07:00 DEBUG 4052 --- [user_service] [http-nio-9995-exec-1] o.s.web.servlet.DispatcherServlet        : GET "/swagger-ui/index.html?continue", parameters={masked}
2025-02-14T11:07:11.246+07:00 DEBUG 4052 --- [user_service] [http-nio-9995-exec-1] o.s.w.s.handler.SimpleUrlHandlerMapping  : Mapped to ResourceHttpRequestHandler [classpath [META-INF/resources/webjars/]]
2025-02-14T11:07:11.266+07:00 DEBUG 4052 --- [user_service] [http-nio-9995-exec-1] o.s.web.servlet.DispatcherServlet        : Completed 304 NOT_MODIFIED
2025-02-14T11:07:11.278+07:00 DEBUG 4052 --- [user_service] [http-nio-9995-exec-2] o.s.web.servlet.DispatcherServlet        : GET "/swagger-ui/swagger-initializer.js", parameters={}
2025-02-14T11:07:11.286+07:00 DEBUG 4052 --- [user_service] [http-nio-9995-exec-2] o.s.w.s.handler.SimpleUrlHandlerMapping  : Mapped to ResourceHttpRequestHandler [classpath [META-INF/resources/webjars/]]
2025-02-14T11:07:11.310+07:00 DEBUG 4052 --- [user_service] [http-nio-9995-exec-2] o.s.web.servlet.DispatcherServlet        : Completed 200 OK
2025-02-14T11:07:11.400+07:00 DEBUG 4052 --- [user_service] [http-nio-9995-exec-6] o.s.web.servlet.DispatcherServlet        : GET "/v3/api-docs/swagger-config", parameters={}
2025-02-14T11:07:11.401+07:00 DEBUG 4052 --- [user_service] [http-nio-9995-exec-6] s.w.s.m.m.a.RequestMappingHandlerMapping : Mapped to org.springdoc.webmvc.ui.SwaggerConfigResource#openapiJson(HttpServletRequest)
2025-02-14T11:07:11.415+07:00 DEBUG 4052 --- [user_service] [http-nio-9995-exec-6] m.m.a.RequestResponseBodyMethodProcessor : Using 'application/json', given [*/*] and supported [application/json]
2025-02-14T11:07:11.430+07:00 DEBUG 4052 --- [user_service] [http-nio-9995-exec-6] m.m.a.RequestResponseBodyMethodProcessor : Writing [{configUrl=/v3/api-docs/swagger-config, oauth2RedirectUrl=http://localhost:9995/swagger-ui/oauth2-re (truncated)...]
2025-02-14T11:07:11.436+07:00 DEBUG 4052 --- [user_service] [http-nio-9995-exec-6] o.s.web.servlet.DispatcherServlet        : Completed 200 OK
2025-02-14T11:07:11.443+07:00 DEBUG 4052 --- [user_service] [http-nio-9995-exec-10] o.s.web.servlet.DispatcherServlet        : GET "/v3/api-docs", parameters={}
2025-02-14T11:07:11.444+07:00 DEBUG 4052 --- [user_service] [http-nio-9995-exec-10] s.w.s.m.m.a.RequestMappingHandlerMapping : Mapped to org.springdoc.webmvc.api.OpenApiWebMvcResource#openapiJson(HttpServletRequest, String, Locale)
2025-02-14T11:07:11.946+07:00  INFO 4052 --- [user_service] [http-nio-9995-exec-10] o.springdoc.api.AbstractOpenApiResource  : Init duration for springdoc-openapi is: 490 ms
2025-02-14T11:07:11.963+07:00 DEBUG 4052 --- [user_service] [http-nio-9995-exec-10] m.m.a.RequestResponseBodyMethodProcessor : Using 'application/json', given [application/json, */*] and supported [application/json]
2025-02-14T11:07:11.964+07:00 DEBUG 4052 --- [user_service] [http-nio-9995-exec-10] m.m.a.RequestResponseBodyMethodProcessor : Writing [{123, 34, 111, 112, 101, 110, 97, 112, 105, 34, 58, 34, 51, 46, 49, 46, 48, 34, 44, 34, 105, 110, 10 (truncated)...]
2025-02-14T11:07:11.965+07:00 DEBUG 4052 --- [user_service] [http-nio-9995-exec-10] o.s.web.servlet.DispatcherServlet        : Completed 200 OK
2025-02-14T11:07:18.736+07:00 DEBUG 4052 --- [user_service] [http-nio-9995-exec-4] o.s.web.servlet.DispatcherServlet        : GET "/api/nguoidung?page=0&size=20", parameters={masked}
2025-02-14T11:07:18.918+07:00 DEBUG 4052 --- [user_service] [http-nio-9995-exec-4] m.m.a.RequestResponseBodyMethodProcessor : Using 'application/hal+json', given [application/hal+json] and supported [application/hal+json]
2025-02-14T11:07:18.920+07:00 DEBUG 4052 --- [user_service] [http-nio-9995-exec-4] m.m.a.RequestResponseBodyMethodProcessor : Writing [PagedModel { content: [EntityModel { content: iuh.fit.se.entities.NguoiDung@2879d4b1, links: [<http: (truncated)...]
2025-02-14T11:07:18.944+07:00 DEBUG 4052 --- [user_service] [http-nio-9995-exec-4] o.s.web.servlet.DispatcherServlet        : Completed 200 OK
2025-02-14T11:07:35.643+07:00  INFO 4052 --- [user_service] [SpringApplicationShutdownHook] o.s.b.w.e.tomcat.GracefulShutdown        : Commencing graceful shutdown. Waiting for active requests to complete
2025-02-14T11:07:35.647+07:00  INFO 4052 --- [user_service] [tomcat-shutdown] o.s.b.w.e.tomcat.GracefulShutdown        : Graceful shutdown complete
2025-02-14T11:07:35.652+07:00  INFO 4052 --- [user_service] [SpringApplicationShutdownHook] j.LocalContainerEntityManagerFactoryBean : Closing JPA EntityManagerFactory for persistence unit 'default'
2025-02-14T11:07:35.657+07:00  INFO 4052 --- [user_service] [SpringApplicationShutdownHook] com.zaxxer.hikari.HikariDataSource       : HikariPool-1 - Shutdown initiated...
2025-02-14T11:07:35.660+07:00  INFO 4052 --- [user_service] [SpringApplicationShutdownHook] com.zaxxer.hikari.HikariDataSource       : HikariPool-1 - Shutdown completed.
